<?xml version="1.0" encoding="UTF-8"?>
<!-- Generated by org.testng.reporters.JUnitXMLReporter -->
<testsuite hostname="Admin-PC" name="Default test" tests="9" failures="0" timestamp="21 Aug 2015 13:47:07 GMT" time="140.342" errors="0">
  <testcase name="popUpClose" time="0.603" classname="com.nk.tests.RegisterPageTest"/>
  <testcase name="verifyRegistrationPage" time="8.897" classname="com.nk.tests.RegisterPageTest"/>
  <testcase name="verifyCreateLoginDetails" time="27.306" classname="com.nk.tests.RegisterPageTest"/>
  <testcase name="verifyYourContactInformation" time="8.876" classname="com.nk.tests.RegisterPageTest"/>
  <testcase name="verifyYourCurrentEmploymentDetails" time="27.105" classname="com.nk.tests.RegisterPageTest"/>
  <testcase name="verifyCompleteMyProfilePage" time="6.052" classname="com.nk.tests.RegisterPageTest"/>
  <testcase name="verifyEducationDetails" time="16.498" classname="com.nk.tests.RegisterPageTest"/>
  <testcase name="verifyCompleteMyProfile" time="5.685" classname="com.nk.tests.RegisterPageTest"/>
  <testcase name="verifyCreateYourJobAlert" time="16.557" classname="com.nk.tests.RegisterPageTest"/>
</testsuite> <!-- Default test -->
