<?xml version="1.0" encoding="UTF-8"?>
<!-- Generated by org.testng.reporters.JUnitXMLReporter -->
<testsuite hostname="Admin-PC" name="sample test" tests="26" failures="0" timestamp="22 Aug 2015 15:58:38 GMT" time="441.755" errors="0">
  <testcase name="popUpClose" time="1.13" classname="com.nk.tests.SearchPageTest"/>
  <testcase name="verifySearchSection" time="0.544" classname="com.nk.tests.SearchPageTest"/>
  <testcase name="verifySearchByLocationField" time="20.939" classname="com.nk.tests.SearchPageTest"/>
  <testcase name="verifySearchByExperienceField" time="28.732" classname="com.nk.tests.SearchPageTest"/>
  <testcase name="verifySearchBySkill" time="17.106" classname="com.nk.tests.SearchPageTest"/>
  <testcase name="verifySearchResultsPage" time="3.256" classname="com.nk.tests.SearchPageTest"/>
  <testcase name="verifyRefineResultsSection" time="0.597" classname="com.nk.tests.SearchPageTest"/>
  <testcase name="verifySearchListingViewResults" time="9.139" classname="com.nk.tests.SearchPageTest"/>
  <testcase name="verifySearchDetailedViewResults" time="10.654" classname="com.nk.tests.SearchPageTest"/>
  <testcase name="verifySearchResultsSection" time="0.914" classname="com.nk.tests.SearchPageTest"/>
  <testcase name="verifyRefineByFreshness" time="14.235" classname="com.nk.tests.SearchPageTest"/>
  <testcase name="verifySearchByLocationSection" time="13.834" classname="com.nk.tests.SearchPageTest"/>
  <testcase name="verifyRefineByLocationPopUp" time="27.417" classname="com.nk.tests.SearchPageTest"/>
  <testcase name="verifyRefineByIndustryType" time="23.699" classname="com.nk.tests.SearchPageTest"/>
  <testcase name="verifyRefineByIndustryPopUp" time="39.651" classname="com.nk.tests.SearchPageTest"/>
  <testcase name="verifyRefineByEducation" time="25.871" classname="com.nk.tests.SearchPageTest"/>
  <testcase name="verifyRefineByEducationPopUp" time="40.381" classname="com.nk.tests.SearchPageTest"/>
  <testcase name="popUpClose" time="0.818" classname="com.nk.tests.RegisterPageTest"/>
  <testcase name="verifyRegistrationPage" time="7.764" classname="com.nk.tests.RegisterPageTest"/>
  <testcase name="verifyCreateLoginDetails" time="26.896" classname="com.nk.tests.RegisterPageTest"/>
  <testcase name="verifyYourContactInformation" time="9.042" classname="com.nk.tests.RegisterPageTest"/>
  <testcase name="verifyYourCurrentEmploymentDetails" time="26.871" classname="com.nk.tests.RegisterPageTest"/>
  <testcase name="verifyCompleteMyProfilePage" time="6.492" classname="com.nk.tests.RegisterPageTest"/>
  <testcase name="verifyEducationDetails" time="16.342" classname="com.nk.tests.RegisterPageTest"/>
  <testcase name="verifyCompleteMyProfile" time="6.321" classname="com.nk.tests.RegisterPageTest"/>
  <testcase name="verifyCreateYourJobAlert" time="16.727" classname="com.nk.tests.RegisterPageTest"/>
</testsuite> <!-- sample test -->
