<?xml version="1.0" encoding="UTF-8" ?>
<testsuite tests="29" failures="1" name="TestSuite" time="103.021" errors="0" skipped="27">
  <properties>
[...]
</properties>
  <testcase classname="com.nk.tests.RegisterPageTest" name="popUpClose" time="0.856"/>
  <testcase classname="com.nk.tests.SearchPageTest" name="setup" time="78.471">
    <failure message="Error communicating with the remote browser. It may have died.
Build info: version: &apos;2.47.1&apos;, revision: &apos;unknown&apos;, time: &apos;2015-07-30 11:02:44&apos;
System info: host: &apos;Admin-PC&apos;, ip: &apos;100.73.175.1&apos;, os.name: &apos;Windows 7&apos;, os.arch: &apos;x86&apos;, os.version: &apos;6.1&apos;, java.version: &apos;1.8.0_20&apos;
Driver info: driver.version: RemoteWebDriver" type="org.openqa.selenium.remote.UnreachableBrowserException">org.openqa.selenium.remote.UnreachableBrowserException: Error communicating with the remote browser. It may have died.
Build info: version: &apos;2.47.1&apos;, revision: &apos;unknown&apos;, time: &apos;2015-07-30 11:02:44&apos;
System info: host: &apos;Admin-PC&apos;, ip: &apos;100.73.175.1&apos;, os.name: &apos;Windows 7&apos;, os.arch: &apos;x86&apos;, os.version: &apos;6.1&apos;, java.version: &apos;1.8.0_20&apos;
Driver info: driver.version: RemoteWebDriver
	at org.openqa.selenium.remote.RemoteWebDriver.execute(RemoteWebDriver.java:589)
	at org.openqa.selenium.remote.RemoteWebDriver.get(RemoteWebDriver.java:306)
	at com.nk.util.BaseTestObject.setup(BaseTestObject.java:51)
	at sun.reflect.NativeMethodAccessorImpl.invoke0(Native Method)
	at sun.reflect.NativeMethodAccessorImpl.invoke(NativeMethodAccessorImpl.java:62)
	at sun.reflect.DelegatingMethodAccessorImpl.invoke(DelegatingMethodAccessorImpl.java:43)
	at java.lang.reflect.Method.invoke(Method.java:483)
	at org.testng.internal.MethodInvocationHelper.invokeMethod(MethodInvocationHelper.java:80)
	at org.testng.internal.Invoker.invokeConfigurationMethod(Invoker.java:525)
	at org.testng.internal.Invoker.invokeConfigurations(Invoker.java:202)
	at org.testng.internal.Invoker.invokeConfigurations(Invoker.java:130)
	at org.testng.internal.TestMethodWorker.invokeBeforeClassMethods(TestMethodWorker.java:173)
	at org.testng.internal.TestMethodWorker.run(TestMethodWorker.java:105)
	at org.testng.TestRunner.runWorkers(TestRunner.java:1178)
	at org.testng.TestRunner.privateRun(TestRunner.java:757)
	at org.testng.TestRunner.run(TestRunner.java:608)
	at org.testng.SuiteRunner.runTest(SuiteRunner.java:334)
	at org.testng.SuiteRunner.runSequentially(SuiteRunner.java:329)
	at org.testng.SuiteRunner.privateRun(SuiteRunner.java:291)
	at org.testng.SuiteRunner.run(SuiteRunner.java:240)
	at org.testng.SuiteRunnerWorker.runSuite(SuiteRunnerWorker.java:52)
	at org.testng.SuiteRunnerWorker.run(SuiteRunnerWorker.java:86)
	at org.testng.TestNG.runSuitesSequentially(TestNG.java:1158)
	at org.testng.TestNG.runSuitesLocally(TestNG.java:1083)
	at org.testng.TestNG.run(TestNG.java:999)
	at org.apache.maven.surefire.testng.TestNGExecutor.run(TestNGExecutor.java:74)
	at org.apache.maven.surefire.testng.TestNGXmlTestSuite.execute(TestNGXmlTestSuite.java:92)
	at org.apache.maven.surefire.Surefire.run(Surefire.java:180)
	at sun.reflect.NativeMethodAccessorImpl.invoke0(Native Method)
	at sun.reflect.NativeMethodAccessorImpl.invoke(NativeMethodAccessorImpl.java:62)
	at sun.reflect.DelegatingMethodAccessorImpl.invoke(DelegatingMethodAccessorImpl.java:43)
	at java.lang.reflect.Method.invoke(Method.java:483)
	at org.apache.maven.surefire.booter.SurefireBooter.runSuitesInProcess(SurefireBooter.java:350)
	at org.apache.maven.surefire.booter.SurefireBooter.main(SurefireBooter.java:1021)
Caused by: org.apache.http.conn.HttpHostConnectException: Connect to 127.0.0.1:7056 [/127.0.0.1] failed: Connection refused: connect
	at org.apache.http.impl.conn.DefaultHttpClientConnectionOperator.connect(DefaultHttpClientConnectionOperator.java:151)
	at org.apache.http.impl.conn.PoolingHttpClientConnectionManager.connect(PoolingHttpClientConnectionManager.java:353)
	at org.apache.http.impl.execchain.MainClientExec.establishRoute(MainClientExec.java:380)
	at org.apache.http.impl.execchain.MainClientExec.execute(MainClientExec.java:236)
	at org.apache.http.impl.execchain.ProtocolExec.execute(ProtocolExec.java:184)
	at org.apache.http.impl.execchain.RetryExec.execute(RetryExec.java:88)
	at org.apache.http.impl.execchain.RedirectExec.execute(RedirectExec.java:110)
	at org.apache.http.impl.client.InternalHttpClient.doExecute(InternalHttpClient.java:184)
	at org.apache.http.impl.client.CloseableHttpClient.execute(CloseableHttpClient.java:71)
	at org.apache.http.impl.client.CloseableHttpClient.execute(CloseableHttpClient.java:55)
	at org.openqa.selenium.remote.internal.ApacheHttpClient.fallBackExecute(ApacheHttpClient.java:161)
	at org.openqa.selenium.remote.internal.ApacheHttpClient.execute(ApacheHttpClient.java:89)
	at org.openqa.selenium.remote.HttpCommandExecutor.execute(HttpCommandExecutor.java:134)
	at org.openqa.selenium.firefox.internal.NewProfileExtensionConnection.execute(NewProfileExtensionConnection.java:170)
	at org.openqa.selenium.firefox.FirefoxDriver$LazyCommandExecutor.execute(FirefoxDriver.java:393)
	at org.openqa.selenium.remote.RemoteWebDriver.execute(RemoteWebDriver.java:568)
	... 33 more
Caused by: java.net.ConnectException: Connection refused: connect
	at java.net.DualStackPlainSocketImpl.waitForConnect(Native Method)
	at java.net.DualStackPlainSocketImpl.socketConnect(DualStackPlainSocketImpl.java:85)
	at java.net.AbstractPlainSocketImpl.doConnect(AbstractPlainSocketImpl.java:345)
	at java.net.AbstractPlainSocketImpl.connectToAddress(AbstractPlainSocketImpl.java:206)
	at java.net.AbstractPlainSocketImpl.connect(AbstractPlainSocketImpl.java:188)
	at java.net.PlainSocketImpl.connect(PlainSocketImpl.java:172)
	at java.net.SocksSocketImpl.connect(SocksSocketImpl.java:392)
	at java.net.Socket.connect(Socket.java:589)
	at org.apache.http.conn.socket.PlainConnectionSocketFactory.connectSocket(PlainConnectionSocketFactory.java:74)
	at org.apache.http.impl.conn.DefaultHttpClientConnectionOperator.connect(DefaultHttpClientConnectionOperator.java:134)
	... 48 more
Caused by: org.apache.http.conn.HttpHostConnectException: Connect to 127.0.0.1:7056 [/127.0.0.1] failed: Connection refused: connect
	at org.apache.http.impl.conn.DefaultHttpClientConnectionOperator.connect(DefaultHttpClientConnectionOperator.java:151)
	at org.apache.http.impl.conn.PoolingHttpClientConnectionManager.connect(PoolingHttpClientConnectionManager.java:353)
	at org.apache.http.impl.execchain.MainClientExec.establishRoute(MainClientExec.java:380)
	at org.apache.http.impl.execchain.MainClientExec.execute(MainClientExec.java:236)
	at org.apache.http.impl.execchain.ProtocolExec.execute(ProtocolExec.java:184)
	at org.apache.http.impl.execchain.RetryExec.execute(RetryExec.java:88)
	at org.apache.http.impl.execchain.RedirectExec.execute(RedirectExec.java:110)
	at org.apache.http.impl.client.InternalHttpClient.doExecute(InternalHttpClient.java:184)
	at org.apache.http.impl.client.CloseableHttpClient.execute(CloseableHttpClient.java:71)
	at org.apache.http.impl.client.CloseableHttpClient.execute(CloseableHttpClient.java:55)
	at org.openqa.selenium.remote.internal.ApacheHttpClient.fallBackExecute(ApacheHttpClient.java:161)
	at org.openqa.selenium.remote.internal.ApacheHttpClient.execute(ApacheHttpClient.java:89)
	at org.openqa.selenium.remote.HttpCommandExecutor.execute(HttpCommandExecutor.java:134)
	at org.openqa.selenium.firefox.internal.NewProfileExtensionConnection.execute(NewProfileExtensionConnection.java:170)
	at org.openqa.selenium.firefox.FirefoxDriver$LazyCommandExecutor.execute(FirefoxDriver.java:393)
	at org.openqa.selenium.remote.RemoteWebDriver.execute(RemoteWebDriver.java:568)
	... 33 more
Caused by: java.net.ConnectException: Connection refused: connect
	at java.net.DualStackPlainSocketImpl.waitForConnect(Native Method)
	at java.net.DualStackPlainSocketImpl.socketConnect(DualStackPlainSocketImpl.java:85)
	at java.net.AbstractPlainSocketImpl.doConnect(AbstractPlainSocketImpl.java:345)
	at java.net.AbstractPlainSocketImpl.connectToAddress(AbstractPlainSocketImpl.java:206)
	at java.net.AbstractPlainSocketImpl.connect(AbstractPlainSocketImpl.java:188)
	at java.net.PlainSocketImpl.connect(PlainSocketImpl.java:172)
	at java.net.SocksSocketImpl.connect(SocksSocketImpl.java:392)
	at java.net.Socket.connect(Socket.java:589)
	at org.apache.http.conn.socket.PlainConnectionSocketFactory.connectSocket(PlainConnectionSocketFactory.java:74)
	at org.apache.http.impl.conn.DefaultHttpClientConnectionOperator.connect(DefaultHttpClientConnectionOperator.java:134)
	... 48 more
</failure>
  </testcase>
  <testcase classname="com.nk.tests.SearchPageTest" name="popUpClose" time="0.001">
    <skipped/>
  </testcase>
  <testcase classname="com.nk.tests.RegisterPageTest" name="verifyRegistrationPage" time="0">
    <skipped/>
  </testcase>
  <testcase classname="com.nk.tests.SearchPageTest" name="verifySearchSection" time="0">
    <skipped/>
  </testcase>
  <testcase classname="com.nk.tests.RegisterPageTest" name="verifyCreateLoginDetails" time="0">
    <skipped/>
  </testcase>
  <testcase classname="com.nk.tests.SearchPageTest" name="verifySearchByLocationField" time="0">
    <skipped/>
  </testcase>
  <testcase classname="com.nk.tests.RegisterPageTest" name="verifyYourContactInformation" time="0.001">
    <skipped/>
  </testcase>
  <testcase classname="com.nk.tests.SearchPageTest" name="verifySearchByExperienceField" time="0.001">
    <skipped/>
  </testcase>
  <testcase classname="com.nk.tests.RegisterPageTest" name="verifyYourCurrentEmploymentDetails" time="0">
    <skipped/>
  </testcase>
  <testcase classname="com.nk.tests.SearchPageTest" name="verifySearchBySkill" time="0">
    <skipped/>
  </testcase>
  <testcase classname="com.nk.tests.RegisterPageTest" name="verifyCompleteMyProfilePage" time="0">
    <skipped/>
  </testcase>
  <testcase classname="com.nk.tests.SearchPageTest" name="verifySearchResultsPage" time="0">
    <skipped/>
  </testcase>
  <testcase classname="com.nk.tests.RegisterPageTest" name="verifyEducationDetails" time="0">
    <skipped/>
  </testcase>
  <testcase classname="com.nk.tests.SearchPageTest" name="verifyRefineResultsSection" time="0">
    <skipped/>
  </testcase>
  <testcase classname="com.nk.tests.RegisterPageTest" name="verifyCompleteMyProfile" time="0">
    <skipped/>
  </testcase>
  <testcase classname="com.nk.tests.SearchPageTest" name="verifySearchListingViewResults" time="0">
    <skipped/>
  </testcase>
  <testcase classname="com.nk.tests.RegisterPageTest" name="verifyCreateYourJobAlert" time="0">
    <skipped/>
  </testcase>
  <testcase classname="com.nk.tests.RegisterPageTest" name="tearDown" time="0">
    <skipped/>
  </testcase>
  <testcase classname="com.nk.tests.SearchPageTest" name="verifySearchDetailedViewResults" time="0">
    <skipped/>
  </testcase>
  <testcase classname="com.nk.tests.SearchPageTest" name="verifySearchResultsSection" time="0">
    <skipped/>
  </testcase>
  <testcase classname="com.nk.tests.SearchPageTest" name="verifyRefineByFreshness" time="0">
    <skipped/>
  </testcase>
  <testcase classname="com.nk.tests.SearchPageTest" name="verifySearchByLocationSection" time="0">
    <skipped/>
  </testcase>
  <testcase classname="com.nk.tests.SearchPageTest" name="verifyRefineByLocationPopUp" time="0">
    <skipped/>
  </testcase>
  <testcase classname="com.nk.tests.SearchPageTest" name="verifyRefineByIndustryType" time="0">
    <skipped/>
  </testcase>
  <testcase classname="com.nk.tests.SearchPageTest" name="verifyRefineByIndustryPopUp" time="0">
    <skipped/>
  </testcase>
  <testcase classname="com.nk.tests.SearchPageTest" name="verifyRefineByEducation" time="0">
    <skipped/>
  </testcase>
  <testcase classname="com.nk.tests.SearchPageTest" name="verifyRefineByEducationPopUp" time="0">
    <skipped/>
  </testcase>
  <testcase classname="com.nk.tests.SearchPageTest" name="tearDown" time="0">
    <skipped/>
  </testcase>
</testsuite>